=========================================================================

  JBoss Bootstrap Environment

  JBOSS_HOME: /Users/cvanball/Projects/git/dv-fuse-integration-demo/target/dv/jboss-eap-6.3

  JAVA: /Library/Java/JavaVirtualMachines/jdk1.7.0_79.jdk/Contents/Home/bin/java

  JAVA_OPTS:  -server -XX:+UseCompressedOops -verbose:gc -Xloggc:"/Users/cvanball/Projects/git/dv-fuse-integration-demo/target/dv/jboss-eap-6.3/standalone/log/gc.log" -XX:+PrintGCDetails -XX:+PrintGCDateStamps -XX:+UseGCLogFileRotation -XX:NumberOfGCLogFiles=5 -XX:GCLogFileSize=3M -XX:-TraceClassUnloading -Xms1302m -Xmx1302m -XX:MaxPermSize=256m -Djava.net.preferIPv4Stack=true -Djboss.modules.system.pkgs=org.jboss.byteman -Djava.awt.headless=true -Djboss.modules.policy-permissions=true

=========================================================================

[0m23:17:25,061 INFO  [org.jboss.modules] (main) JBoss Modules version 1.3.5.Final-redhat-1
[0m[0m23:17:25,232 INFO  [org.jboss.msc] (main) JBoss MSC version 1.1.5.Final-redhat-1
[0m[0m23:17:25,296 INFO  [org.jboss.as] (MSC service thread 1-6) JBAS015899: JBoss Red Hat JBoss Data Virtualization 6.1.0 (AS 7.4.3.Final-redhat-2) starting
[0m[33m23:17:26,229 WARN  [org.jboss.as.server.deployment.scanner] (DeploymentScanner-threads - 1) JBAS015002: Deployment of 'teiid-dashboard-builder.war' requested, but the deployment is not present
[0m[0m23:17:26,229 INFO  [org.jboss.as.server.deployment.scanner] (DeploymentScanner-threads - 1) JBAS015003: Found integration-platform-console.war in deployment directory. To trigger deployment create a file called integration-platform-console.war.dodeploy
[0m[0m23:17:26,232 INFO  [org.jboss.as.repository] (ServerService Thread Pool -- 26) JBAS014900: Content added at location /Users/cvanball/Projects/git/dv-fuse-integration-demo/target/dv/jboss-eap-6.3/standalone/data/content/ac/4b05a11f665a175fd9603f5047a16a088f1297/content
[0m[0m23:17:26,247 INFO  [org.jboss.as.repository] (ServerService Thread Pool -- 25) JBAS014900: Content added at location /Users/cvanball/Projects/git/dv-fuse-integration-demo/target/dv/jboss-eap-6.3/standalone/data/content/17/7ec9191a863b21cb6bbe1c5484b600c5c511f3/content
[0m[0m23:17:26,256 INFO  [org.jboss.as.repository] (ServerService Thread Pool -- 25) JBAS014900: Content added at location /Users/cvanball/Projects/git/dv-fuse-integration-demo/target/dv/jboss-eap-6.3/standalone/data/content/6f/8858956e10ada5a6fde4a22e767478a4632737/content
[0m[0m23:17:26,355 INFO  [org.jboss.as.repository] (ServerService Thread Pool -- 25) JBAS014900: Content added at location /Users/cvanball/Projects/git/dv-fuse-integration-demo/target/dv/jboss-eap-6.3/standalone/data/content/9b/be23c4d1d2c8e547ac9065dab04b4b1826bc25/content
[0m[0m23:17:26,548 INFO  [org.jboss.security] (Controller Boot Thread) PBOX000361: Default Security Vault Implementation Initialized and Ready
[0m[0m23:17:26,556 INFO  [org.xnio] (MSC service thread 1-1) XNIO Version 3.0.11.GA-redhat-2
[0m[0m23:17:26,558 INFO  [org.jboss.as.server] (Controller Boot Thread) JBAS015888: Creating http management service using socket-binding (management-http)
[0m[0m23:17:26,561 INFO  [org.xnio.nio] (MSC service thread 1-1) XNIO NIO Implementation Version 3.0.11.GA-redhat-2
[0m[0m23:17:26,576 INFO  [org.jboss.remoting] (MSC service thread 1-1) JBoss Remoting version 3.3.4.Final-redhat-1
[0m[33m23:17:26,600 WARN  [org.jboss.as.txn] (ServerService Thread Pool -- 46) JBAS010153: Node identifier property is set to the default value. Please make sure it is unique.
[0m[0m23:17:26,607 INFO  [org.jboss.as.security] (ServerService Thread Pool -- 44) JBAS013171: Activating Security Subsystem
[0m[0m23:17:26,608 INFO  [org.jboss.as.clustering.infinispan] (ServerService Thread Pool -- 31) JBAS010280: Activating Infinispan subsystem.
[0m[0m23:17:26,617 INFO  [org.jboss.as.jsf] (ServerService Thread Pool -- 37) JBAS012605: Activated the following JSF Implementations: [main, 1.2]
[0m[0m23:17:26,618 INFO  [org.jboss.as.security] (MSC service thread 1-12) JBAS013170: Current PicketBox version=4.0.19.SP10-redhat-1
[0m[0m23:17:26,625 INFO  [org.jboss.as.naming] (ServerService Thread Pool -- 39) JBAS011800: Activating Naming Subsystem
[0m[0m23:17:26,662 INFO  [org.jboss.as.webservices] (ServerService Thread Pool -- 48) JBAS015537: Activating WebServices Extension
[0m[0m23:17:26,681 INFO  [org.jboss.as.connector.logging] (MSC service thread 1-7) JBAS010408: Starting JCA Subsystem (IronJacamar 1.0.28.Final-redhat-1)
[0m[0m23:17:26,715 INFO  [org.jboss.as.naming] (MSC service thread 1-15) JBAS011802: Starting Naming Service
[0m[0m23:17:26,715 INFO  [org.jboss.as.mail.extension] (MSC service thread 1-7) JBAS015400: Bound mail session [java:jboss/mail/Default]
[0m[0m23:17:26,812 INFO  [org.jboss.as.connector.subsystems.datasources] (ServerService Thread Pool -- 27) JBAS010403: Deploying JDBC-compliant driver class org.h2.Driver (version 1.3)
[0m[0m23:17:26,829 INFO  [org.jboss.as.connector.subsystems.datasources] (ServerService Thread Pool -- 27) JBAS010404: Deploying non-JDBC-compliant driver class org.teiid.jdbc.TeiidDriver (version 8.7)
[0m[0m23:17:26,830 INFO  [org.jboss.as.connector.subsystems.datasources] (ServerService Thread Pool -- 27) JBAS010404: Deploying non-JDBC-compliant driver class org.teiid.jdbc.TeiidDriver (version 8.7)
[0m[0m23:17:26,833 INFO  [org.modeshape.common.logging.LogFactory] (ServerService Thread Pool -- 50) SLF4J implementation located in the classpath. It will be used by ModeShape for logging.
[0m[0m23:17:26,862 INFO  [org.jboss.as.connector.subsystems.datasources] (ServerService Thread Pool -- 27) JBAS010404: Deploying non-JDBC-compliant driver class org.modeshape.jdbc.LocalJcrDriver (version 3.8)
[0m[0m23:17:27,077 INFO  [org.apache.coyote.http11.Http11Protocol] (MSC service thread 1-9) JBWEB003001: Coyote HTTP/1.1 initializing on : http-/127.0.0.1:8080
[0m[0m23:17:27,087 INFO  [org.apache.coyote.http11.Http11Protocol] (MSC service thread 1-9) JBWEB003000: Coyote HTTP/1.1 starting on: http-/127.0.0.1:8080
[0m[0m23:17:27,134 INFO  [org.jboss.ws.common.management] (MSC service thread 1-2) JBWS022052: Starting JBoss Web Services - Stack CXF Server 4.3.4.Final-redhat-1
[0m[0m23:17:27,183 INFO  [org.jboss.as.connector.deployers.RADeployer] (MSC service thread 1-7) IJ020001: Required license terms for file:/Users/cvanball/Projects/git/dv-fuse-integration-demo/target/dv/jboss-eap-6.3/modules/system/layers/dv/org/jboss/teiid/resource-adapter/file/main/./
[0m[0m23:17:27,184 INFO  [org.jboss.as.connector.deployers.RADeployer] (MSC service thread 1-3) IJ020001: Required license terms for file:/Users/cvanball/Projects/git/dv-fuse-integration-demo/target/dv/jboss-eap-6.3/modules/system/layers/dv/org/jboss/teiid/resource-adapter/ldap/main/./
[0m[0m23:17:27,184 INFO  [org.jboss.as.connector.deployers.RADeployer] (MSC service thread 1-12) IJ020001: Required license terms for file:/Users/cvanball/Projects/git/dv-fuse-integration-demo/target/dv/jboss-eap-6.3/modules/system/layers/dv/org/jboss/teiid/resource-adapter/file/main/./
[0m[0m23:17:27,184 INFO  [org.jboss.as.connector.deployers.RADeployer] (MSC service thread 1-11) IJ020001: Required license terms for file:/Users/cvanball/Projects/git/dv-fuse-integration-demo/target/dv/jboss-eap-6.3/modules/system/layers/dv/org/jboss/teiid/resource-adapter/accumulo/main/./
[0m[0m23:17:27,184 INFO  [org.jboss.as.connector.deployers.RADeployer] (MSC service thread 1-13) IJ020001: Required license terms for file:/Users/cvanball/Projects/git/dv-fuse-integration-demo/target/dv/jboss-eap-6.3/modules/system/layers/dv/org/jboss/teiid/resource-adapter/google/main/./
[0m[0m23:17:27,184 INFO  [org.jboss.as.connector.deployers.RADeployer] (MSC service thread 1-10) IJ020001: Required license terms for file:/Users/cvanball/Projects/git/dv-fuse-integration-demo/target/dv/jboss-eap-6.3/modules/system/layers/dv/org/jboss/teiid/resource-adapter/file/main/./
[0m[0m23:17:27,184 INFO  [org.jboss.as.connector.deployers.RADeployer] (MSC service thread 1-6) IJ020001: Required license terms for file:/Users/cvanball/Projects/git/dv-fuse-integration-demo/target/dv/jboss-eap-6.3/modules/system/layers/dv/org/jboss/teiid/resource-adapter/webservice/main/./
[0m[0m23:17:27,185 INFO  [org.jboss.as.connector.deployers.RADeployer] (MSC service thread 1-9) IJ020001: Required license terms for file:/Users/cvanball/Projects/git/dv-fuse-integration-demo/target/dv/jboss-eap-6.3/modules/system/layers/dv/org/jboss/teiid/resource-adapter/file/main/./
[0m[0m23:17:27,185 INFO  [org.jboss.as.connector.deployers.RADeployer] (MSC service thread 1-16) IJ020001: Required license terms for file:/Users/cvanball/Projects/git/dv-fuse-integration-demo/target/dv/jboss-eap-6.3/modules/system/layers/dv/org/jboss/teiid/resource-adapter/mongodb/main/./
[0m[0m23:17:27,185 INFO  [org.jboss.as.connector.deployers.RADeployer] (MSC service thread 1-15) IJ020001: Required license terms for file:/Users/cvanball/Projects/git/dv-fuse-integration-demo/target/dv/jboss-eap-6.3/modules/system/layers/dv/org/jboss/teiid/resource-adapter/salesforce/main/./
[0m[0m23:17:27,186 INFO  [org.jboss.as.connector.deployers.RADeployer] (MSC service thread 1-2) IJ020001: Required license terms for file:/Users/cvanball/Projects/git/dv-fuse-integration-demo/target/dv/jboss-eap-6.3/modules/system/layers/dv/org/jboss/teiid/resource-adapter/file/main/./
[0m[0m23:17:27,251 INFO  [org.jboss.as.connector.deployers.RaXmlDeployer] (MSC service thread 1-12) IJ020001: Required license terms for file:/Users/cvanball/Projects/git/dv-fuse-integration-demo/target/dv/jboss-eap-6.3/modules/system/layers/dv/org/jboss/teiid/resource-adapter/file/main/./
[0m[0m23:17:27,251 INFO  [org.jboss.as.connector.deployers.RaXmlDeployer] (MSC service thread 1-7) IJ020001: Required license terms for file:/Users/cvanball/Projects/git/dv-fuse-integration-demo/target/dv/jboss-eap-6.3/modules/system/layers/dv/org/jboss/teiid/resource-adapter/file/main/./
[0m[0m23:17:27,251 INFO  [org.jboss.as.connector.deployers.RaXmlDeployer] (MSC service thread 1-6) IJ020001: Required license terms for file:/Users/cvanball/Projects/git/dv-fuse-integration-demo/target/dv/jboss-eap-6.3/modules/system/layers/dv/org/jboss/teiid/resource-adapter/webservice/main/./
[0m[0m23:17:27,251 INFO  [org.jboss.as.connector.deployers.RaXmlDeployer] (MSC service thread 1-3) IJ020001: Required license terms for file:/Users/cvanball/Projects/git/dv-fuse-integration-demo/target/dv/jboss-eap-6.3/modules/system/layers/dv/org/jboss/teiid/resource-adapter/ldap/main/./
[0m[0m23:17:27,252 INFO  [org.jboss.as.connector.deployers.RaXmlDeployer] (MSC service thread 1-9) IJ020001: Required license terms for file:/Users/cvanball/Projects/git/dv-fuse-integration-demo/target/dv/jboss-eap-6.3/modules/system/layers/dv/org/jboss/teiid/resource-adapter/file/main/./
[0m[0m23:17:27,252 INFO  [org.jboss.as.connector.deployers.RaXmlDeployer] (MSC service thread 1-10) IJ020001: Required license terms for file:/Users/cvanball/Projects/git/dv-fuse-integration-demo/target/dv/jboss-eap-6.3/modules/system/layers/dv/org/jboss/teiid/resource-adapter/file/main/./
[0m[0m23:17:27,252 INFO  [org.jboss.as.connector.deployers.RaXmlDeployer] (MSC service thread 1-16) IJ020001: Required license terms for file:/Users/cvanball/Projects/git/dv-fuse-integration-demo/target/dv/jboss-eap-6.3/modules/system/layers/dv/org/jboss/teiid/resource-adapter/mongodb/main/./
[0m[0m23:17:27,253 INFO  [org.jboss.as.connector.deployers.RaXmlDeployer] (MSC service thread 1-11) IJ020001: Required license terms for file:/Users/cvanball/Projects/git/dv-fuse-integration-demo/target/dv/jboss-eap-6.3/modules/system/layers/dv/org/jboss/teiid/resource-adapter/accumulo/main/./
[0m[0m23:17:27,253 INFO  [org.jboss.as.connector.deployers.RaXmlDeployer] (MSC service thread 1-13) IJ020001: Required license terms for file:/Users/cvanball/Projects/git/dv-fuse-integration-demo/target/dv/jboss-eap-6.3/modules/system/layers/dv/org/jboss/teiid/resource-adapter/google/main/./
[0m[0m23:17:27,253 INFO  [org.jboss.as.connector.deployers.RaXmlDeployer] (MSC service thread 1-15) IJ020001: Required license terms for file:/Users/cvanball/Projects/git/dv-fuse-integration-demo/target/dv/jboss-eap-6.3/modules/system/layers/dv/org/jboss/teiid/resource-adapter/salesforce/main/./
[0m[0m23:17:27,253 INFO  [org.jboss.as.connector.deployers.RaXmlDeployer] (MSC service thread 1-2) IJ020001: Required license terms for file:/Users/cvanball/Projects/git/dv-fuse-integration-demo/target/dv/jboss-eap-6.3/modules/system/layers/dv/org/jboss/teiid/resource-adapter/file/main/./
[0m[0m23:17:27,272 INFO  [org.jboss.as.connector.deployers.RaXmlDeployer] (MSC service thread 1-3) IJ020002: Deployed: file:/Users/cvanball/Projects/git/dv-fuse-integration-demo/target/dv/jboss-eap-6.3/modules/system/layers/dv/org/jboss/teiid/resource-adapter/ldap/main/./
[0m[0m23:17:27,273 INFO  [org.jboss.as.connector.deployers.RaXmlDeployer] (MSC service thread 1-16) IJ020002: Deployed: file:/Users/cvanball/Projects/git/dv-fuse-integration-demo/target/dv/jboss-eap-6.3/modules/system/layers/dv/org/jboss/teiid/resource-adapter/mongodb/main/./
[0m[0m23:17:27,273 INFO  [org.jboss.as.connector.deployers.RaXmlDeployer] (MSC service thread 1-11) IJ020002: Deployed: file:/Users/cvanball/Projects/git/dv-fuse-integration-demo/target/dv/jboss-eap-6.3/modules/system/layers/dv/org/jboss/teiid/resource-adapter/accumulo/main/./
[0m[0m23:17:27,273 INFO  [org.jboss.as.connector.deployers.RaXmlDeployer] (MSC service thread 1-6) IJ020002: Deployed: file:/Users/cvanball/Projects/git/dv-fuse-integration-demo/target/dv/jboss-eap-6.3/modules/system/layers/dv/org/jboss/teiid/resource-adapter/webservice/main/./
[0m[0m23:17:27,274 INFO  [org.jboss.as.connector.deployers.RaXmlDeployer] (MSC service thread 1-7) IJ020002: Deployed: file:/Users/cvanball/Projects/git/dv-fuse-integration-demo/target/dv/jboss-eap-6.3/modules/system/layers/dv/org/jboss/teiid/resource-adapter/file/main/./
[0m[0m23:17:27,274 INFO  [org.jboss.as.connector.deployers.RaXmlDeployer] (MSC service thread 1-13) IJ020002: Deployed: file:/Users/cvanball/Projects/git/dv-fuse-integration-demo/target/dv/jboss-eap-6.3/modules/system/layers/dv/org/jboss/teiid/resource-adapter/google/main/./
[0m[0m23:17:27,274 INFO  [org.jboss.as.connector.deployers.RaXmlDeployer] (MSC service thread 1-15) IJ020002: Deployed: file:/Users/cvanball/Projects/git/dv-fuse-integration-demo/target/dv/jboss-eap-6.3/modules/system/layers/dv/org/jboss/teiid/resource-adapter/salesforce/main/./
[0m[0m23:17:27,284 INFO  [org.jboss.as.connector.subsystems.datasources] (MSC service thread 1-3) JBAS010400: Bound data source [java:jboss/datasources/DashboardDS]
[0m[0m23:17:27,284 INFO  [org.jboss.as.connector.subsystems.datasources] (MSC service thread 1-7) JBAS010400: Bound data source [java:/teiid-log-ds]
[0m[0m23:17:27,284 INFO  [org.jboss.as.connector.subsystems.datasources] (MSC service thread 1-3) JBAS010400: Bound data source [java:/datasources/ModeShapeDS]
[0m[0m23:17:27,284 INFO  [org.jboss.as.connector.subsystems.datasources] (MSC service thread 1-7) JBAS010400: Bound data source [java:jboss/datasources/ExampleDS]
[0m[0m23:17:27,284 INFO  [org.jboss.as.connector.subsystems.datasources] (MSC service thread 1-16) JBAS010400: Bound data source [java:/accounts-ds]
[0m[0m23:17:27,290 INFO  [org.jboss.as.connector.deployment] (MSC service thread 1-12) JBAS010406: Registered connection factory java:/CustomerFlatFileSourceModel
[0m[0m23:17:27,290 INFO  [org.jboss.as.connector.deployment] (MSC service thread 1-10) JBAS010406: Registered connection factory java:/CustomerHistoryXMLFileSourceModel
[0m[0m23:17:27,290 INFO  [org.jboss.as.connector.deployment] (MSC service thread 1-9) JBAS010406: Registered connection factory java:/marketdata-file
[0m[0m23:17:27,290 INFO  [org.jboss.as.connector.deployment] (MSC service thread 1-2) JBAS010406: Registered connection factory java:/excel-file
[0m[0m23:17:27,297 INFO  [org.jboss.as.connector.deployers.RaXmlDeployer] (MSC service thread 1-9) IJ020002: Deployed: file:/Users/cvanball/Projects/git/dv-fuse-integration-demo/target/dv/jboss-eap-6.3/modules/system/layers/dv/org/jboss/teiid/resource-adapter/file/main/./
[0m[0m23:17:27,297 INFO  [org.jboss.as.connector.deployment] (MSC service thread 1-9) JBAS010401: Bound JCA ConnectionFactory [java:/marketdata-file]
[0m[0m23:17:27,297 INFO  [org.jboss.as.connector.deployers.RaXmlDeployer] (MSC service thread 1-10) IJ020002: Deployed: file:/Users/cvanball/Projects/git/dv-fuse-integration-demo/target/dv/jboss-eap-6.3/modules/system/layers/dv/org/jboss/teiid/resource-adapter/file/main/./
[0m[0m23:17:27,298 INFO  [org.jboss.as.connector.deployment] (MSC service thread 1-10) JBAS010401: Bound JCA ConnectionFactory [java:/CustomerHistoryXMLFileSourceModel]
[0m[0m23:17:27,299 INFO  [org.jboss.as.connector.deployers.RaXmlDeployer] (MSC service thread 1-12) IJ020002: Deployed: file:/Users/cvanball/Projects/git/dv-fuse-integration-demo/target/dv/jboss-eap-6.3/modules/system/layers/dv/org/jboss/teiid/resource-adapter/file/main/./
[0m[0m23:17:27,300 INFO  [org.jboss.as.connector.deployers.RaXmlDeployer] (MSC service thread 1-2) IJ020002: Deployed: file:/Users/cvanball/Projects/git/dv-fuse-integration-demo/target/dv/jboss-eap-6.3/modules/system/layers/dv/org/jboss/teiid/resource-adapter/file/main/./
[0m[0m23:17:27,300 INFO  [org.jboss.as.connector.deployment] (MSC service thread 1-6) JBAS010401: Bound JCA ConnectionFactory [java:/CustomerFlatFileSourceModel]
[0m[0m23:17:27,300 INFO  [org.jboss.as.connector.deployment] (MSC service thread 1-2) JBAS010401: Bound JCA ConnectionFactory [java:/excel-file]
[0m[0m23:17:27,571 INFO  [org.modeshape.jcr.JcrRepository] (MSC service thread 1-12) ModeShape version 3.8.2.GA-redhat-3
[0m[0m23:17:27,862 INFO  [org.infinispan.factories.GlobalComponentRegistry] (ServerService Thread Pool -- 53) ISPN000128: Infinispan version: Infinispan 'Delirium' 5.2.10.Final
[0m[0m23:17:27,920 INFO  [org.infinispan.factories.TransactionManagerFactory] (ServerService Thread Pool -- 53) ISPN000161: Using a batchMode transaction manager
[0m[0m23:17:27,920 INFO  [org.infinispan.factories.TransactionManagerFactory] (ServerService Thread Pool -- 55) ISPN000161: Using a batchMode transaction manager
[0m[0m23:17:27,920 INFO  [org.infinispan.factories.TransactionManagerFactory] (ServerService Thread Pool -- 54) ISPN000161: Using a batchMode transaction manager
[0m[0m23:17:27,932 INFO  [org.teiid.RUNTIME] (ServerService Thread Pool -- 51) TEIID50006 Teiid translator "jdbc-simple" added.
[0m[0m23:17:27,942 INFO  [org.teiid.RUNTIME] (ServerService Thread Pool -- 51) TEIID50006 Teiid translator "jdbc-ansi" added.
[0m[0m23:17:27,986 INFO  [org.teiid.RUNTIME] (ServerService Thread Pool -- 51) TEIID50006 Teiid translator "access" added.
[0m[0m23:17:28,043 INFO  [org.teiid.RUNTIME] (ServerService Thread Pool -- 51) TEIID50006 Teiid translator "db2" added.
[0m[0m23:17:28,101 INFO  [org.infinispan.jmx.CacheJmxRegistration] (ServerService Thread Pool -- 54) ISPN000031: MBeans were successfully registered to the platform MBean server.
[0m[0m23:17:28,102 INFO  [org.infinispan.jmx.CacheJmxRegistration] (ServerService Thread Pool -- 55) ISPN000031: MBeans were successfully registered to the platform MBean server.
[0m[0m23:17:28,102 INFO  [org.infinispan.jmx.CacheJmxRegistration] (ServerService Thread Pool -- 53) ISPN000031: MBeans were successfully registered to the platform MBean server.
[0m[0m23:17:28,103 INFO  [org.jboss.as.clustering.infinispan] (ServerService Thread Pool -- 54) JBAS010281: Started resultset-repl cache from teiid-cache container
[0m[0m23:17:28,103 INFO  [org.jboss.as.clustering.infinispan] (ServerService Thread Pool -- 53) JBAS010281: Started preparedplan cache from teiid-cache container
[0m[0m23:17:28,103 INFO  [org.jboss.as.clustering.infinispan] (ServerService Thread Pool -- 55) JBAS010281: Started resultset cache from teiid-cache container
[0m[0m23:17:28,115 INFO  [org.teiid.RUNTIME] (ServerService Thread Pool -- 51) TEIID50006 Teiid translator "derby" added.
[0m[0m23:17:28,137 INFO  [org.teiid.RUNTIME] (MSC service thread 1-11) TEIID50001 Teiid Engine 8.7.1.redhat-8 Started = Sun May 31 23:17:28 CEST 2015
[0m[0m23:17:28,148 INFO  [org.teiid.RUNTIME] (MSC service thread 1-14) TEIID50038 Teiid Embedded transport enabled. Bound to: teiid/queryengine/embedded
[0m[0m23:17:28,148 INFO  [org.teiid.RUNTIME] (MSC service thread 1-1) TEIID50038 Teiid Embedded transport enabled. Bound to: teiid/queryengine/odata
[0m[0m23:17:28,199 INFO  [org.teiid.RUNTIME] (MSC service thread 1-7) TEIID50012 Teiid JDBC - Name = jdbc, Host = localhost,  Port = 31000, SSL = OFF, security-domains = teiid-security
[0m[0m23:17:28,200 INFO  [org.teiid.RUNTIME] (MSC service thread 1-6) TEIID50037 Teiid ODBC - Name = odbc, Host = localhost,  Port = 35432, SSL = OFF, security-domains = teiid-security
[0m[0m23:17:28,203 INFO  [org.teiid.RUNTIME] (ServerService Thread Pool -- 51) TEIID50006 Teiid translator "h2" added.
[0m[0m23:17:28,275 INFO  [org.teiid.RUNTIME] (ServerService Thread Pool -- 51) TEIID50006 Teiid translator "hsql" added.
[0m[0m23:17:28,327 INFO  [org.teiid.RUNTIME] (ServerService Thread Pool -- 51) TEIID50006 Teiid translator "informix" added.
[0m[0m23:17:28,399 INFO  [org.teiid.RUNTIME] (ServerService Thread Pool -- 51) TEIID50006 Teiid translator "metamatrix" added.
[0m[0m23:17:28,449 INFO  [org.teiid.RUNTIME] (ServerService Thread Pool -- 51) TEIID50006 Teiid translator "mysql" added.
[0m[0m23:17:28,489 INFO  [org.teiid.RUNTIME] (ServerService Thread Pool -- 51) TEIID50006 Teiid translator "mysql5" added.
[0m[0m23:17:28,537 INFO  [org.teiid.RUNTIME] (ServerService Thread Pool -- 51) TEIID50006 Teiid translator "oracle" added.
[0m[0m23:17:28,573 INFO  [org.teiid.RUNTIME] (ServerService Thread Pool -- 51) TEIID50006 Teiid translator "postgresql" added.
[0m[0m23:17:28,609 INFO  [org.teiid.RUNTIME] (ServerService Thread Pool -- 51) TEIID50006 Teiid translator "sqlserver" added.
[0m[0m23:17:28,637 INFO  [org.teiid.RUNTIME] (ServerService Thread Pool -- 51) TEIID50006 Teiid translator "sybase" added.
[0m[0m23:17:28,775 INFO  [org.teiid.RUNTIME] (ServerService Thread Pool -- 51) TEIID50006 Teiid translator "teiid" added.
[0m[0m23:17:28,808 INFO  [org.teiid.RUNTIME] (ServerService Thread Pool -- 51) TEIID50006 Teiid translator "teradata" added.
[0m[0m23:17:28,824 INFO  [org.teiid.RUNTIME] (ServerService Thread Pool -- 51) TEIID50006 Teiid translator "modeshape" added.
[0m[0m23:17:28,835 INFO  [org.teiid.RUNTIME] (ServerService Thread Pool -- 51) TEIID50006 Teiid translator "ingres" added.
[0m[0m23:17:28,848 INFO  [org.teiid.RUNTIME] (ServerService Thread Pool -- 51) TEIID50006 Teiid translator "ingres93" added.
[0m[0m23:17:28,862 INFO  [org.teiid.RUNTIME] (ServerService Thread Pool -- 51) TEIID50006 Teiid translator "intersystems-cache" added.
[0m[0m23:17:28,884 INFO  [org.teiid.RUNTIME] (ServerService Thread Pool -- 51) TEIID50006 Teiid translator "netezza" added.
[0m[0m23:17:28,888 INFO  [org.teiid.RUNTIME] (ServerService Thread Pool -- 51) TEIID50006 Teiid translator "file" added.
[0m[0m23:17:28,893 INFO  [org.teiid.RUNTIME] (ServerService Thread Pool -- 51) TEIID50006 Teiid translator "ldap" added.
[0m[0m23:17:28,898 INFO  [org.teiid.RUNTIME] (ServerService Thread Pool -- 51) TEIID50006 Teiid translator "loopback" added.
[0m[0m23:17:28,905 INFO  [org.teiid.RUNTIME] (ServerService Thread Pool -- 51) TEIID50006 Teiid translator "olap" added.
[0m[0m23:17:28,912 INFO  [org.teiid.RUNTIME] (ServerService Thread Pool -- 51) TEIID50006 Teiid translator "ws" added.
[0m[0m23:17:28,920 INFO  [org.teiid.RUNTIME] (ServerService Thread Pool -- 51) TEIID50006 Teiid translator "salesforce" added.
[0m[0m23:17:28,929 INFO  [org.teiid.RUNTIME] (ServerService Thread Pool -- 51) TEIID50006 Teiid translator "hive" added.
[0m[0m23:17:28,936 INFO  [org.teiid.RUNTIME] (ServerService Thread Pool -- 51) TEIID50006 Teiid translator "google-spreadsheet" added.
[0m[0m23:17:28,950 INFO  [org.teiid.RUNTIME] (ServerService Thread Pool -- 51) TEIID50006 Teiid translator "odata" added.
[0m[0m23:17:28,955 INFO  [org.teiid.RUNTIME] (ServerService Thread Pool -- 51) TEIID50006 Teiid translator "sap-nw-gateway" added.
[0m[0m23:17:28,965 INFO  [org.teiid.RUNTIME] (ServerService Thread Pool -- 51) TEIID50006 Teiid translator "mongodb" added.
[0m[0m23:17:28,986 INFO  [org.teiid.RUNTIME] (ServerService Thread Pool -- 51) TEIID50006 Teiid translator "cassandra" added.
[0m[0m23:17:28,996 INFO  [org.teiid.RUNTIME] (ServerService Thread Pool -- 51) TEIID50006 Teiid translator "accumulo" added.
[0m[0m23:17:29,006 INFO  [org.teiid.RUNTIME] (ServerService Thread Pool -- 51) TEIID50006 Teiid translator "solr" added.
[0m[0m23:17:29,028 INFO  [org.teiid.RUNTIME] (ServerService Thread Pool -- 51) TEIID50006 Teiid translator "excel" added.
[0m[0m23:17:29,036 INFO  [org.teiid.RUNTIME] (ServerService Thread Pool -- 51) TEIID50006 Teiid translator "impala" added.
[0m[0m23:17:29,057 INFO  [org.jboss.as.server.deployment] (MSC service thread 1-3) JBAS015876: Starting deployment of "teiid-dashboard-builder.war" (runtime-name: "teiid-dashboard-builder.war")
[0m[0m23:17:29,057 INFO  [org.jboss.as.server.deployment] (MSC service thread 1-7) JBAS015876: Starting deployment of "CustomerContextVDB.vdb" (runtime-name: "CustomerContextVDB.vdb")
[0m[0m23:17:29,057 INFO  [org.jboss.as.server.deployment] (MSC service thread 1-14) JBAS015876: Starting deployment of "ModeShape.vdb" (runtime-name: "ModeShape.vdb")
[0m[0m23:17:29,057 INFO  [org.jboss.as.server.deployment] (MSC service thread 1-2) JBAS015876: Starting deployment of "modeshape-cmis.war" (runtime-name: "modeshape-cmis.war")
[0m[0m23:17:29,057 INFO  [org.jboss.as.server.deployment] (MSC service thread 1-15) JBAS015876: Starting deployment of "database-service.jar" (runtime-name: "database-service.jar")
[0m[0m23:17:29,057 INFO  [org.jboss.as.server.deployment] (MSC service thread 1-5) JBAS015876: Starting deployment of "teiid-odata-8.7.1.redhat-8.war" (runtime-name: "teiid-odata-8.7.1.redhat-8.war")
[0m[0m23:17:29,057 INFO  [org.jboss.as.server.deployment] (MSC service thread 1-4) JBAS015876: Starting deployment of "modeshape-rest.war" (runtime-name: "modeshape-rest.war")
[0m[0m23:17:29,057 INFO  [org.jboss.as.server.deployment] (MSC service thread 1-12) JBAS015876: Starting deployment of "modeshape-webdav.war" (runtime-name: "modeshape-webdav.war")
[0m[0m23:17:29,058 INFO  [org.jboss.as.server.deployment] (MSC service thread 1-1) JBAS015876: Starting deployment of "integration-platform-console.war" (runtime-name: "integration-platform-console.war")
[0m[0m23:17:29,080 INFO  [org.jboss.as.server.deployment.scanner] (MSC service thread 1-16) JBAS015012: Started FileSystemDeploymentService for directory /Users/cvanball/Projects/git/dv-fuse-integration-demo/target/dv/jboss-eap-6.3/standalone/deployments
[0m[0m23:17:29,088 INFO  [org.jboss.as.remoting] (MSC service thread 1-11) JBAS017100: Listening on 127.0.0.1:9999
[0m[0m23:17:29,088 INFO  [org.jboss.as.remoting] (MSC service thread 1-9) JBAS017100: Listening on 127.0.0.1:4447
[0m[33m23:17:29,253 WARN  [org.jboss.as.dependency.unsupported] (MSC service thread 1-2) JBAS018568: Deployment "deployment.teiid-odata-8.7.1.redhat-8.war" is using an unsupported module ("org.joda.time:main") which may be changed or removed in future versions without notice.
[0m[0m23:17:29,369 INFO  [org.jboss.as.jpa] (MSC service thread 1-14) JBAS011401: Read persistence.xml for teiid-logger
[0m[31m23:17:29,421 ERROR [stderr] (MSC service thread 1-12) ScriptEngineManager providers.next(): javax.script.ScriptEngineFactory: Provider apple.applescript.AppleScriptEngineFactory not found
[0m[31m23:17:29,421 ERROR [stderr] (MSC service thread 1-2) ScriptEngineManager providers.next(): javax.script.ScriptEngineFactory: Provider apple.applescript.AppleScriptEngineFactory not found
[0m[0m23:17:29,431 INFO  [org.jboss.weld.deployer] (MSC service thread 1-9) JBAS016002: Processing weld deployment database-service.jar
[0m[0m23:17:29,444 INFO  [org.jboss.as.ejb3.deployment.processors.EjbJndiBindingsDeploymentUnitProcessor] (MSC service thread 1-9) JNDI bindings for session bean named teiid-database-service in deployment unit deployment "database-service.jar" are as follows:

	java:global/database-service/teiid-database-service!org.teiid.service.DatabaseServiceLocal
	java:app/database-service/teiid-database-service!org.teiid.service.DatabaseServiceLocal
	java:module/teiid-database-service!org.teiid.service.DatabaseServiceLocal
	java:global/database-service/teiid-database-service
	java:app/database-service/teiid-database-service
	java:module/teiid-database-service

[0m[0m23:17:29,478 INFO  [org.jboss.web] (ServerService Thread Pool -- 55) JBAS018210: Register web context: 
[0m[0m23:17:29,478 INFO  [org.jboss.web] (ServerService Thread Pool -- 62) JBAS018210: Register web context: /modeshape-webdav
[0m[0m23:17:29,478 INFO  [org.jboss.web] (ServerService Thread Pool -- 59) JBAS018210: Register web context: /odata
[0m[0m23:17:29,478 INFO  [org.jboss.web] (ServerService Thread Pool -- 69) JBAS018210: Register web context: /modeshape-rest
[0m[0m23:17:29,575 INFO  [org.jboss.weld.deployer] (MSC service thread 1-4) JBAS016005: Starting Services for CDI deployment: database-service.jar
[0m[0m23:17:29,624 INFO  [org.teiid.RUNTIME] (MSC service thread 1-3) TEIID50029 VDB CustomerContextVDB.1 model "CustomerFlatFileSourceModel" metadata is currently being loaded. Start Time: 5/31/15 11:17 PM
[0m[0m23:17:29,626 INFO  [org.teiid.RUNTIME] (MSC service thread 1-3) TEIID50029 VDB CustomerContextVDB.1 model "CustomerHistoryXMLViewModel" metadata is currently being loaded. Start Time: 5/31/15 11:17 PM
[0m[0m23:17:29,626 INFO  [org.teiid.RUNTIME] (MSC service thread 1-3) TEIID50029 VDB CustomerContextVDB.1 model "CustomerContextView" metadata is currently being loaded. Start Time: 5/31/15 11:17 PM
[0m[0m23:17:29,627 INFO  [org.teiid.RUNTIME] (MSC service thread 1-3) TEIID50029 VDB CustomerContextVDB.1 model "CustomerHistoryXMLFileSourceModel" metadata is currently being loaded. Start Time: 5/31/15 11:17 PM
[0m[0m23:17:29,628 INFO  [org.teiid.RUNTIME] (MSC service thread 1-7) TEIID50029 VDB ModeShape.1 model "ModeShape" metadata is currently being loaded. Start Time: 5/31/15 11:17 PM
[0m[0m23:17:29,628 INFO  [org.teiid.RUNTIME] (MSC service thread 1-3) TEIID50029 VDB CustomerContextVDB.1 model "CustomerTextFileViewModel" metadata is currently being loaded. Start Time: 5/31/15 11:17 PM
[0m[0m23:17:29,629 INFO  [org.teiid.RUNTIME] (MSC service thread 1-7) TEIID50029 VDB ModeShape.1 model "VDB_Lineage" metadata is currently being loaded. Start Time: 5/31/15 11:17 PM
[0m[0m23:17:29,629 INFO  [org.teiid.RUNTIME] (MSC service thread 1-7) TEIID50029 VDB ModeShape.1 model "Relational_Model_View" metadata is currently being loaded. Start Time: 5/31/15 11:17 PM
[0m[0m23:17:29,653 INFO  [org.teiid.RUNTIME] (teiid-async-threads - 2) TEIID50030 VDB CustomerContextVDB.1 model "CustomerHistoryXMLViewModel" metadata loaded. End Time: 5/31/15 11:17 PM
[0m[0m23:17:29,653 INFO  [org.teiid.RUNTIME] (teiid-async-threads - 4) TEIID50030 VDB CustomerContextVDB.1 model "CustomerHistoryXMLFileSourceModel" metadata loaded. End Time: 5/31/15 11:17 PM
[0m[0m23:17:29,653 INFO  [org.teiid.RUNTIME] (teiid-async-threads - 1) TEIID50030 VDB CustomerContextVDB.1 model "CustomerFlatFileSourceModel" metadata loaded. End Time: 5/31/15 11:17 PM
[0m[0m23:17:29,654 INFO  [org.teiid.RUNTIME] (teiid-async-threads - 3) TEIID50030 VDB CustomerContextVDB.1 model "CustomerContextView" metadata loaded. End Time: 5/31/15 11:17 PM
[0m[0m23:17:29,690 INFO  [org.teiid.RUNTIME] (teiid-async-threads - 3) TEIID50030 VDB CustomerContextVDB.1 model "CustomerTextFileViewModel" metadata loaded. End Time: 5/31/15 11:17 PM
[0m[0m23:17:29,721 INFO  [org.hibernate.validator.internal.util.Version] (ServerService Thread Pool -- 69) HV000001: Hibernate Validator 4.3.2.Final-redhat-1
[0m[0m23:17:29,727 INFO  [org.jboss.weld.Version] (MSC service thread 1-4) WELD-000900 1.1.28 (redhat)
[0m[0m23:17:29,749 INFO  [org.jboss.weld.deployer] (MSC service thread 1-8) JBAS016008: Starting weld service for deployment database-service.jar
[0m[0m23:17:29,750 INFO  [org.jboss.as.jpa] (ServerService Thread Pool -- 62) JBAS011402: Starting Persistence Unit Service 'database-service.jar#teiid-logger'
[0m[0m23:17:29,999 INFO  [org.jboss.resteasy.spi.ResteasyDeployment] (ServerService Thread Pool -- 59) Deploying javax.ws.rs.core.Application: class org.teiid.odata.TeiidODataApplication
[0m[0m23:17:30,001 INFO  [org.jboss.resteasy.spi.ResteasyDeployment] (ServerService Thread Pool -- 69) Deploying javax.ws.rs.core.Application: class org.modeshape.web.jcr.rest.JcrApplication
[0m[0m23:17:30,046 INFO  [org.hibernate.annotations.common.Version] (ServerService Thread Pool -- 62) HCANN000001: Hibernate Commons Annotations {4.0.1.Final-redhat-2}
[0m[0m23:17:30,052 INFO  [org.hibernate.Version] (ServerService Thread Pool -- 62) HHH000412: Hibernate Core {4.2.17.SP1-redhat-1}
[0m[0m23:17:30,055 INFO  [org.hibernate.cfg.Environment] (ServerService Thread Pool -- 62) HHH000206: hibernate.properties not found
[0m[0m23:17:30,057 INFO  [org.hibernate.cfg.Environment] (ServerService Thread Pool -- 62) HHH000021: Bytecode provider name : javassist
[0m[0m23:17:30,083 INFO  [org.teiid.RUNTIME] (teiid-async-threads - 3) TEIID40003 VDB CustomerContextVDB.1 is set to ACTIVE
[0m[0m23:17:30,087 INFO  [org.hibernate.ejb.Ejb3Configuration] (ServerService Thread Pool -- 62) HHH000204: Processing PersistenceUnitInfo [
	name: teiid-logger
	...]
[0m[0m23:17:30,190 INFO  [org.hibernate.service.jdbc.connections.internal.ConnectionProviderInitiator] (ServerService Thread Pool -- 62) HHH000130: Instantiating explicit connection provider: org.hibernate.ejb.connection.InjectedDataSourceConnectionProvider
[0m[0m23:17:30,544 INFO  [org.hibernate.dialect.Dialect] (ServerService Thread Pool -- 62) HHH000400: Using dialect: org.hibernate.dialect.H2Dialect
[0m[33m23:17:30,549 WARN  [org.hibernate.dialect.H2Dialect] (ServerService Thread Pool -- 62) HHH000431: Unable to determine H2 database version, certain features may not work
[0m[33m23:17:30,581 WARN  [org.jboss.as.server.deployment] (MSC service thread 1-13) JBAS015960: Class Path entry jaxws-api.jar in /content/modeshape-cmis.war/WEB-INF/lib/jaxws-rt-2.1.7.jar  does not point to a valid jar for a Class-Path reference.
[0m[33m23:17:30,581 WARN  [org.jboss.as.server.deployment] (MSC service thread 1-13) JBAS015960: Class Path entry jsr181-api.jar in /content/modeshape-cmis.war/WEB-INF/lib/jaxws-rt-2.1.7.jar  does not point to a valid jar for a Class-Path reference.
[0m[33m23:17:30,581 WARN  [org.jboss.as.server.deployment] (MSC service thread 1-13) JBAS015960: Class Path entry jsr250-api.jar in /content/modeshape-cmis.war/WEB-INF/lib/jaxws-rt-2.1.7.jar  does not point to a valid jar for a Class-Path reference.
[0m[33m23:17:30,581 WARN  [org.jboss.as.server.deployment] (MSC service thread 1-13) JBAS015960: Class Path entry saaj-api.jar in /content/modeshape-cmis.war/WEB-INF/lib/jaxws-rt-2.1.7.jar  does not point to a valid jar for a Class-Path reference.
[0m[33m23:17:30,582 WARN  [org.jboss.as.server.deployment] (MSC service thread 1-13) JBAS015960: Class Path entry saaj-impl.jar in /content/modeshape-cmis.war/WEB-INF/lib/jaxws-rt-2.1.7.jar  does not point to a valid jar for a Class-Path reference.
[0m[33m23:17:30,582 WARN  [org.jboss.as.server.deployment] (MSC service thread 1-13) JBAS015960: Class Path entry jsr173_api.jar in /content/modeshape-cmis.war/WEB-INF/lib/jaxws-rt-2.1.7.jar  does not point to a valid jar for a Class-Path reference.
[0m[33m23:17:30,582 WARN  [org.jboss.as.server.deployment] (MSC service thread 1-13) JBAS015960: Class Path entry sjsxp.jar in /content/modeshape-cmis.war/WEB-INF/lib/jaxws-rt-2.1.7.jar  does not point to a valid jar for a Class-Path reference.
[0m[33m23:17:30,583 WARN  [org.jboss.as.server.deployment] (MSC service thread 1-13) JBAS015960: Class Path entry woodstox.jar in /content/modeshape-cmis.war/WEB-INF/lib/jaxws-rt-2.1.7.jar  does not point to a valid jar for a Class-Path reference.
[0m[33m23:17:30,583 WARN  [org.jboss.as.server.deployment] (MSC service thread 1-13) JBAS015960: Class Path entry resolver.jar in /content/modeshape-cmis.war/WEB-INF/lib/jaxws-rt-2.1.7.jar  does not point to a valid jar for a Class-Path reference.
[0m[33m23:17:30,583 WARN  [org.jboss.as.server.deployment] (MSC service thread 1-13) JBAS015960: Class Path entry jaxb-api.jar in /content/modeshape-cmis.war/WEB-INF/lib/jaxws-rt-2.1.7.jar  does not point to a valid jar for a Class-Path reference.
[0m[33m23:17:30,584 WARN  [org.jboss.as.server.deployment] (MSC service thread 1-13) JBAS015960: Class Path entry jaxb-impl.jar in /content/modeshape-cmis.war/WEB-INF/lib/jaxws-rt-2.1.7.jar  does not point to a valid jar for a Class-Path reference.
[0m[33m23:17:30,584 WARN  [org.jboss.as.server.deployment] (MSC service thread 1-13) JBAS015960: Class Path entry activation.jar in /content/modeshape-cmis.war/WEB-INF/lib/jaxws-rt-2.1.7.jar  does not point to a valid jar for a Class-Path reference.
[0m[33m23:17:30,584 WARN  [org.jboss.as.server.deployment] (MSC service thread 1-13) JBAS015960: Class Path entry stax-ex.jar in /content/modeshape-cmis.war/WEB-INF/lib/jaxws-rt-2.1.7.jar  does not point to a valid jar for a Class-Path reference.
[0m[33m23:17:30,585 WARN  [org.jboss.as.server.deployment] (MSC service thread 1-13) JBAS015960: Class Path entry streambuffer.jar in /content/modeshape-cmis.war/WEB-INF/lib/jaxws-rt-2.1.7.jar  does not point to a valid jar for a Class-Path reference.
[0m[33m23:17:30,585 WARN  [org.jboss.as.server.deployment] (MSC service thread 1-13) JBAS015960: Class Path entry stax-utils.jar in /content/modeshape-cmis.war/WEB-INF/lib/jaxws-rt-2.1.7.jar  does not point to a valid jar for a Class-Path reference.
[0m[0m23:17:30,718 INFO  [org.hibernate.engine.transaction.internal.TransactionFactoryInitiator] (ServerService Thread Pool -- 62) HHH000268: Transaction strategy: org.hibernate.engine.transaction.internal.jta.CMTTransactionFactory
[0m[0m23:17:30,723 INFO  [org.hibernate.hql.internal.ast.ASTQueryTranslatorFactory] (ServerService Thread Pool -- 62) HHH000397: Using ASTQueryTranslatorFactory
[0m[33m23:17:30,781 WARN  [org.jboss.as.dependency.private] (MSC service thread 1-16) JBAS018567: Deployment "deployment.modeshape-cmis.war" is using a private module ("com.sun.xml.messaging.saaj:main") which may be changed or removed in future versions without notice.
[0m[33m23:17:30,781 WARN  [org.jboss.as.dependency.private] (MSC service thread 1-16) JBAS018567: Deployment "deployment.modeshape-cmis.war" is using a private module ("com.sun.xml.messaging.saaj:main") which may be changed or removed in future versions without notice.
[0m[0m23:17:30,827 INFO  [org.jboss.web] (ServerService Thread Pool -- 55) JBAS018210: Register web context: /modeshape-cmis
[0m[0m23:17:30,898 INFO  [org.apache.chemistry.opencmis.jcr.JcrTypeManager] (ServerService Thread Pool -- 55) Added type 'cmis:folder'.
[0m[0m23:17:30,902 INFO  [org.apache.chemistry.opencmis.jcr.JcrTypeManager] (ServerService Thread Pool -- 55) Added type 'cmis:document'.
[0m[0m23:17:30,905 INFO  [org.apache.chemistry.opencmis.jcr.JcrTypeManager] (ServerService Thread Pool -- 55) Added type 'cmis:unversioned-document'.
[0m[0m23:17:30,913 INFO  [stdout] (ServerService Thread Pool -- 55) --- loaded repository dv
[0m[0m23:17:30,919 INFO  [javax.enterprise.resource.webservices.jaxws.server.http] (ServerService Thread Pool -- 55) WSSERVLET12: JAX-WS context listener initializing
[0m[0m23:17:30,935 INFO  [org.teiid.RUNTIME] (teiid-async-threads - 2) TEIID50030 VDB ModeShape.1 model "ModeShape" metadata loaded. End Time: 5/31/15 11:17 PM
[0m[0m23:17:30,936 INFO  [org.teiid.RUNTIME] (teiid-async-threads - 4) TEIID50030 VDB ModeShape.1 model "Relational_Model_View" metadata loaded. End Time: 5/31/15 11:17 PM
[0m[0m23:17:30,937 INFO  [org.teiid.RUNTIME] (teiid-async-threads - 1) TEIID50030 VDB ModeShape.1 model "VDB_Lineage" metadata loaded. End Time: 5/31/15 11:17 PM
[0m[0m23:17:31,176 INFO  [org.hibernate.tool.hbm2ddl.SchemaExport] (ServerService Thread Pool -- 62) HHH000227: Running hbm2ddl schema export
[0m[0m23:17:31,186 INFO  [org.hibernate.tool.hbm2ddl.SchemaExport] (ServerService Thread Pool -- 62) HHH000230: Schema export complete
[0m[33m23:17:31,399 WARN  [org.jboss.as.dependency.unsupported] (MSC service thread 1-14) JBAS018568: Deployment "deployment.teiid-dashboard-builder.war" is using an unsupported module ("org.dom4j:main") which may be changed or removed in future versions without notice.
[0m[33m23:17:31,399 WARN  [org.jboss.as.dependency.unsupported] (MSC service thread 1-14) JBAS018568: Deployment "deployment.teiid-dashboard-builder.war" is using an unsupported module ("org.dom4j:main") which may be changed or removed in future versions without notice.
[0m[33m23:17:31,400 WARN  [org.jboss.as.dependency.unsupported] (MSC service thread 1-14) JBAS018568: Deployment "deployment.teiid-dashboard-builder.war" is using an unsupported module ("org.jdom:main") which may be changed or removed in future versions without notice.
[0m[33m23:17:31,400 WARN  [org.jboss.as.dependency.unsupported] (MSC service thread 1-14) JBAS018568: Deployment "deployment.teiid-dashboard-builder.war" is using an unsupported module ("org.jdom:main") which may be changed or removed in future versions without notice.
[0m[33m23:17:31,400 WARN  [org.jboss.as.dependency.private] (MSC service thread 1-14) JBAS018567: Deployment "deployment.teiid-dashboard-builder.war" is using a private module ("org.apache.commons.lang:main") which may be changed or removed in future versions without notice.
[0m[33m23:17:31,400 WARN  [org.jboss.as.dependency.private] (MSC service thread 1-14) JBAS018567: Deployment "deployment.teiid-dashboard-builder.war" is using a private module ("org.apache.commons.lang:main") which may be changed or removed in future versions without notice.
[0m[33m23:17:31,400 WARN  [org.jboss.as.dependency.private] (MSC service thread 1-14) JBAS018567: Deployment "deployment.teiid-dashboard-builder.war" is using a private module ("org.apache.commons.io:main") which may be changed or removed in future versions without notice.
[0m[33m23:17:31,401 WARN  [org.jboss.as.dependency.private] (MSC service thread 1-14) JBAS018567: Deployment "deployment.teiid-dashboard-builder.war" is using a private module ("org.apache.commons.io:main") which may be changed or removed in future versions without notice.
[0m[33m23:17:31,401 WARN  [org.jboss.as.dependency.private] (MSC service thread 1-14) JBAS018567: Deployment "deployment.teiid-dashboard-builder.war" is using a private module ("org.apache.commons.collections:main") which may be changed or removed in future versions without notice.
[0m[33m23:17:31,401 WARN  [org.jboss.as.dependency.private] (MSC service thread 1-14) JBAS018567: Deployment "deployment.teiid-dashboard-builder.war" is using a private module ("org.apache.commons.collections:main") which may be changed or removed in future versions without notice.
[0m[33m23:17:31,401 WARN  [org.jboss.as.dependency.private] (MSC service thread 1-14) JBAS018567: Deployment "deployment.teiid-dashboard-builder.war" is using a private module ("org.apache.commons.codec:main") which may be changed or removed in future versions without notice.
[0m[33m23:17:31,401 WARN  [org.jboss.as.dependency.private] (MSC service thread 1-14) JBAS018567: Deployment "deployment.teiid-dashboard-builder.war" is using a private module ("org.apache.commons.codec:main") which may be changed or removed in future versions without notice.
[0m[33m23:17:31,402 WARN  [org.jboss.as.dependency.private] (MSC service thread 1-14) JBAS018567: Deployment "deployment.teiid-dashboard-builder.war" is using a private module ("org.jboss.ironjacamar.jdbcadapters:main") which may be changed or removed in future versions without notice.
[0m[33m23:17:31,402 WARN  [org.jboss.as.dependency.private] (MSC service thread 1-14) JBAS018567: Deployment "deployment.teiid-dashboard-builder.war" is using a private module ("org.jboss.ironjacamar.jdbcadapters:main") which may be changed or removed in future versions without notice.
[0m[0m23:17:31,468 INFO  [org.jboss.weld.deployer] (MSC service thread 1-1) JBAS016002: Processing weld deployment teiid-dashboard-builder.war
[0m[0m23:17:31,505 INFO  [org.jboss.weld.deployer] (MSC service thread 1-4) JBAS016005: Starting Services for CDI deployment: teiid-dashboard-builder.war
[0m[0m23:17:31,514 INFO  [org.jboss.weld.deployer] (MSC service thread 1-11) JBAS016008: Starting weld service for deployment teiid-dashboard-builder.war
[0m[0m23:17:31,889 INFO  [org.teiid.RUNTIME] (teiid-async-threads - 4) TEIID40003 VDB ModeShape.1 is set to ACTIVE
[0m[0m23:17:33,617 INFO  [org.jboss.web] (ServerService Thread Pool -- 74) JBAS018210: Register web context: /dashboard
[0m[0m23:17:33,630 INFO  [org.jboss.dashboard.ui.controller.ControllerServlet] (ServerService Thread Pool -- 74) Application Directory: /Users/cvanball/Projects/git/dv-fuse-integration-demo/target/dv/jboss-eap-6.3/dataVirtualization/teiid-dashboard/teiid-dashboard-builder.war/.
[0m[0m23:17:33,630 INFO  [org.jboss.dashboard.ui.controller.ControllerServlet] (ServerService Thread Pool -- 74) Application Config Directory: /Users/cvanball/Projects/git/dv-fuse-integration-demo/target/dv/jboss-eap-6.3/dataVirtualization/teiid-dashboard/teiid-dashboard-builder.war/./WEB-INF/etc
[0m[0m23:17:33,649 INFO  [org.jboss.dashboard.factory.Factory] (ServerService Thread Pool -- 74) Configuring Factory from directory: /Users/cvanball/Projects/git/dv-fuse-integration-demo/target/dv/jboss-eap-6.3/dataVirtualization/teiid-dashboard/teiid-dashboard-builder.war/./WEB-INF/etc/factory
[0m[0m23:17:33,685 INFO  [org.jboss.dashboard.factory.Factory] (ServerService Thread Pool -- 74) Factory configured.
[0m[0m23:17:33,776 INFO  [org.hibernate.cfg.Configuration] (ServerService Thread Pool -- 74) HHH000042: Configuring from file: hibernate.cfg.xml
[0m[0m23:17:33,790 INFO  [org.hibernate.cfg.Configuration] (ServerService Thread Pool -- 74) HHH000041: Configured SessionFactory: null
[0m[0m23:17:33,831 INFO  [org.jboss.dashboard.database.hibernate.HibernateInitializer] (ServerService Thread Pool -- 74) The underlying database is: h2
[0m[0m23:17:34,154 INFO  [javax.enterprise.resource.webservices.jaxws.servlet.http] (ServerService Thread Pool -- 55) WSSERVLET14: JAX-WS servlet initializing
[0m[0m23:17:34,450 INFO  [org.hibernate.dialect.Dialect] (ServerService Thread Pool -- 74) HHH000400: Using dialect: org.hibernate.dialect.H2Dialect
[0m[33m23:17:34,451 WARN  [org.hibernate.dialect.H2Dialect] (ServerService Thread Pool -- 74) HHH000431: Unable to determine H2 database version, certain features may not work
[0m[0m23:17:34,481 INFO  [org.hibernate.engine.transaction.internal.TransactionFactoryInitiator] (ServerService Thread Pool -- 74) HHH000399: Using default transaction strategy (direct JDBC transactions)
[0m[0m23:17:34,482 INFO  [org.hibernate.hql.internal.ast.ASTQueryTranslatorFactory] (ServerService Thread Pool -- 74) HHH000397: Using ASTQueryTranslatorFactory
[0m[33m23:17:34,826 WARN  [org.jboss.dashboard.database.DatabaseAutoSynchronizer] (ServerService Thread Pool -- 74) Running file 1-create-h2.sql
[0m[0m23:17:35,019 INFO  [org.jboss.dashboard.workspace.PanelsProvidersManagerImpl] (ServerService Thread Pool -- 74) Loading panels. Scanning dir: /Users/cvanball/Projects/git/dv-fuse-integration-demo/target/dv/jboss-eap-6.3/dataVirtualization/teiid-dashboard/teiid-dashboard-builder.war/WEB-INF/etc/panels
[0m[0m23:17:35,020 INFO  [org.jboss.dashboard.workspace.PanelsProvidersManagerImpl] (ServerService Thread Pool -- 74) Reading file: /Users/cvanball/Projects/git/dv-fuse-integration-demo/target/dv/jboss-eap-6.3/dataVirtualization/teiid-dashboard/teiid-dashboard-builder.war/./WEB-INF/etc/panels/dashboard/dashboardFilter/dashb_filter.panel
[0m[0m23:17:35,047 INFO  [org.jboss.dashboard.workspace.PanelsProvidersManagerImpl] (ServerService Thread Pool -- 74) Reading file: /Users/cvanball/Projects/git/dv-fuse-integration-demo/target/dv/jboss-eap-6.3/dataVirtualization/teiid-dashboard/teiid-dashboard-builder.war/./WEB-INF/etc/panels/dashboard/dataProviderManager/dashb_providermgr.panel
[0m[0m23:17:35,049 INFO  [org.jboss.dashboard.workspace.PanelsProvidersManagerImpl] (ServerService Thread Pool -- 74) Reading file: /Users/cvanball/Projects/git/dv-fuse-integration-demo/target/dv/jboss-eap-6.3/dataVirtualization/teiid-dashboard/teiid-dashboard-builder.war/./WEB-INF/etc/panels/dashboard/htmlEditor/dashb_html_editor.panel
[0m[0m23:17:35,051 INFO  [org.jboss.dashboard.workspace.PanelsProvidersManagerImpl] (ServerService Thread Pool -- 74) Reading file: /Users/cvanball/Projects/git/dv-fuse-integration-demo/target/dv/jboss-eap-6.3/dataVirtualization/teiid-dashboard/teiid-dashboard-builder.war/./WEB-INF/etc/panels/dashboard/kpi/dashb_kpi.panel
[0m[0m23:17:35,053 INFO  [org.jboss.dashboard.workspace.PanelsProvidersManagerImpl] (ServerService Thread Pool -- 74) Reading file: /Users/cvanball/Projects/git/dv-fuse-integration-demo/target/dv/jboss-eap-6.3/dataVirtualization/teiid-dashboard/teiid-dashboard-builder.war/./WEB-INF/etc/panels/navigation/breadCrumb/breadCrumb.panel
[0m[0m23:17:35,055 INFO  [org.jboss.dashboard.workspace.PanelsProvidersManagerImpl] (ServerService Thread Pool -- 74) Reading file: /Users/cvanball/Projects/git/dv-fuse-integration-demo/target/dv/jboss-eap-6.3/dataVirtualization/teiid-dashboard/teiid-dashboard-builder.war/./WEB-INF/etc/panels/navigation/logout/logout.panel
[0m[0m23:17:35,056 INFO  [org.jboss.dashboard.workspace.PanelsProvidersManagerImpl] (ServerService Thread Pool -- 74) Reading file: /Users/cvanball/Projects/git/dv-fuse-integration-demo/target/dv/jboss-eap-6.3/dataVirtualization/teiid-dashboard/teiid-dashboard-builder.war/./WEB-INF/etc/panels/navigation/navigator_language_horiz.panel
[0m[0m23:17:35,058 INFO  [org.jboss.dashboard.workspace.PanelsProvidersManagerImpl] (ServerService Thread Pool -- 74) Reading file: /Users/cvanball/Projects/git/dv-fuse-integration-demo/target/dv/jboss-eap-6.3/dataVirtualization/teiid-dashboard/teiid-dashboard-builder.war/./WEB-INF/etc/panels/navigation/navigator_sections.panel
[0m[0m23:17:35,059 INFO  [org.jboss.dashboard.workspace.PanelsProvidersManagerImpl] (ServerService Thread Pool -- 74) Reading file: /Users/cvanball/Projects/git/dv-fuse-integration-demo/target/dv/jboss-eap-6.3/dataVirtualization/teiid-dashboard/teiid-dashboard-builder.war/./WEB-INF/etc/panels/navigation/navigator_sections_horiz.panel
[0m[0m23:17:35,061 INFO  [org.jboss.dashboard.workspace.PanelsProvidersManagerImpl] (ServerService Thread Pool -- 74) Reading file: /Users/cvanball/Projects/git/dv-fuse-integration-demo/target/dv/jboss-eap-6.3/dataVirtualization/teiid-dashboard/teiid-dashboard-builder.war/./WEB-INF/etc/panels/navigation/navigator_sections_vert.panel
[0m[0m23:17:35,062 INFO  [org.jboss.dashboard.workspace.PanelsProvidersManagerImpl] (ServerService Thread Pool -- 74) Reading file: /Users/cvanball/Projects/git/dv-fuse-integration-demo/target/dv/jboss-eap-6.3/dataVirtualization/teiid-dashboard/teiid-dashboard-builder.war/./WEB-INF/etc/panels/navigation/navigator_workspace.panel
[0m[0m23:17:35,063 INFO  [org.jboss.dashboard.workspace.PanelsProvidersManagerImpl] (ServerService Thread Pool -- 74) Reading file: /Users/cvanball/Projects/git/dv-fuse-integration-demo/target/dv/jboss-eap-6.3/dataVirtualization/teiid-dashboard/teiid-dashboard-builder.war/./WEB-INF/etc/panels/navigation/navigator_workspace_horiz.panel
[0m[0m23:17:35,065 INFO  [org.jboss.dashboard.workspace.PanelsProvidersManagerImpl] (ServerService Thread Pool -- 74) Reading file: /Users/cvanball/Projects/git/dv-fuse-integration-demo/target/dv/jboss-eap-6.3/dataVirtualization/teiid-dashboard/teiid-dashboard-builder.war/./WEB-INF/etc/panels/navigation/navigator_workspace_vert.panel
[0m[0m23:17:35,066 INFO  [org.jboss.dashboard.workspace.PanelsProvidersManagerImpl] (ServerService Thread Pool -- 74) Reading file: /Users/cvanball/Projects/git/dv-fuse-integration-demo/target/dv/jboss-eap-6.3/dataVirtualization/teiid-dashboard/teiid-dashboard-builder.war/./WEB-INF/etc/panels/navigation/tree/treeMenu.panel
[0m[0m23:17:35,068 INFO  [org.jboss.dashboard.workspace.PanelsProvidersManagerImpl] (ServerService Thread Pool -- 74) Reading file: /Users/cvanball/Projects/git/dv-fuse-integration-demo/target/dv/jboss-eap-6.3/dataVirtualization/teiid-dashboard/teiid-dashboard-builder.war/./WEB-INF/etc/panels/system/dashboardExport/dashb_export.panel
[0m[0m23:17:35,069 INFO  [org.jboss.dashboard.workspace.PanelsProvidersManagerImpl] (ServerService Thread Pool -- 74) Reading file: /Users/cvanball/Projects/git/dv-fuse-integration-demo/target/dv/jboss-eap-6.3/dataVirtualization/teiid-dashboard/teiid-dashboard-builder.war/./WEB-INF/etc/panels/system/dashboardImport/dashb_import.panel
[0m[0m23:17:35,072 INFO  [org.jboss.dashboard.workspace.PanelsProvidersManagerImpl] (ServerService Thread Pool -- 74) Reading file: /Users/cvanball/Projects/git/dv-fuse-integration-demo/target/dv/jboss-eap-6.3/dataVirtualization/teiid-dashboard/teiid-dashboard-builder.war/./WEB-INF/etc/panels/system/dataSourceManagement/DataSourceManager.panel
[0m[0m23:17:35,073 INFO  [org.jboss.dashboard.workspace.PanelsProvidersManagerImpl] (ServerService Thread Pool -- 74) Reading file: /Users/cvanball/Projects/git/dv-fuse-integration-demo/target/dv/jboss-eap-6.3/dataVirtualization/teiid-dashboard/teiid-dashboard-builder.war/./WEB-INF/etc/panels/system/workspaceExport/workspaceImportexport.panel
[0m[0m23:17:35,241 INFO  [org.jboss.dashboard.workspace.GraphicElementManagerImpl] (ServerService Thread Pool -- 74) Starting org.jboss.dashboard.workspace.SkinsManagerImpl
[0m[0m23:17:35,248 INFO  [org.jboss.dashboard.workspace.GraphicElementManagerImpl] (ServerService Thread Pool -- 74) Deploying to database Skin /Users/cvanball/Projects/git/dv-fuse-integration-demo/target/dv/jboss-eap-6.3/dataVirtualization/teiid-dashboard/teiid-dashboard-builder.war/./WEB-INF/etc/skins/Default_Skin.zip
[0m[0m23:17:35,327 INFO  [org.jboss.dashboard.ui.resources.GraphicElement] (ServerService Thread Pool -- 74) Deploying files for org.jboss.dashboard.ui.resources.Skin Default_Skin
[0m[0m23:17:35,340 INFO  [org.jboss.dashboard.cluster.ClusterNodesManager] (ServerService Thread Pool -- 74) Registering cluster node with ip address 192.168.178.32
[0m[0m23:17:35,353 INFO  [org.jboss.dashboard.cluster.ClusterNodesManager] (ServerService Thread Pool -- 74) Successfully registered cluster node with ip address 192.168.178.32 and identifier 1001
[0m[0m23:17:35,354 INFO  [org.jboss.dashboard.workspace.GraphicElementManagerImpl] (ServerService Thread Pool -- 74) Starting org.jboss.dashboard.workspace.ResourceGalleryManagerImpl
[0m[0m23:17:35,445 INFO  [org.jboss.dashboard.workspace.GraphicElementManagerImpl] (ServerService Thread Pool -- 74) Starting org.jboss.dashboard.workspace.LayoutsManagerImpl
[0m[0m23:17:35,450 INFO  [org.jboss.dashboard.workspace.GraphicElementManagerImpl] (ServerService Thread Pool -- 74) Deploying to database Layout /Users/cvanball/Projects/git/dv-fuse-integration-demo/target/dv/jboss-eap-6.3/dataVirtualization/teiid-dashboard/teiid-dashboard-builder.war/./WEB-INF/etc/layouts/Default_Layout.zip
[0m[0m23:17:35,468 INFO  [org.jboss.dashboard.workspace.GraphicElementManagerImpl] (ServerService Thread Pool -- 74) Deploying to database Layout /Users/cvanball/Projects/git/dv-fuse-integration-demo/target/dv/jboss-eap-6.3/dataVirtualization/teiid-dashboard/teiid-dashboard-builder.war/./WEB-INF/etc/layouts/Default_template_with_sliding_menu.zip
[0m[0m23:17:35,477 INFO  [org.jboss.dashboard.workspace.GraphicElementManagerImpl] (ServerService Thread Pool -- 74) Deploying to database Layout /Users/cvanball/Projects/git/dv-fuse-integration-demo/target/dv/jboss-eap-6.3/dataVirtualization/teiid-dashboard/teiid-dashboard-builder.war/./WEB-INF/etc/layouts/Template_25-50-25.zip
[0m[0m23:17:35,485 INFO  [org.jboss.dashboard.workspace.GraphicElementManagerImpl] (ServerService Thread Pool -- 74) Deploying to database Layout /Users/cvanball/Projects/git/dv-fuse-integration-demo/target/dv/jboss-eap-6.3/dataVirtualization/teiid-dashboard/teiid-dashboard-builder.war/./WEB-INF/etc/layouts/Template_25-75.zip
[0m[0m23:17:35,494 INFO  [org.jboss.dashboard.workspace.GraphicElementManagerImpl] (ServerService Thread Pool -- 74) Deploying to database Layout /Users/cvanball/Projects/git/dv-fuse-integration-demo/target/dv/jboss-eap-6.3/dataVirtualization/teiid-dashboard/teiid-dashboard-builder.war/./WEB-INF/etc/layouts/Template_75-25.zip
[0m[0m23:17:35,503 INFO  [org.jboss.dashboard.ui.resources.GraphicElement] (ServerService Thread Pool -- 74) Deploying files for org.jboss.dashboard.ui.resources.Layout Default_Layout
[0m[0m23:17:35,505 INFO  [org.jboss.dashboard.ui.resources.GraphicElement] (ServerService Thread Pool -- 74) Deploying files for org.jboss.dashboard.ui.resources.Layout Default_template_with_sliding_menu
[0m[0m23:17:35,506 INFO  [org.jboss.dashboard.ui.resources.GraphicElement] (ServerService Thread Pool -- 74) Deploying files for org.jboss.dashboard.ui.resources.Layout Template_25-50-25
[0m[0m23:17:35,508 INFO  [org.jboss.dashboard.ui.resources.GraphicElement] (ServerService Thread Pool -- 74) Deploying files for org.jboss.dashboard.ui.resources.Layout Template_25-75
[0m[0m23:17:35,509 INFO  [org.jboss.dashboard.ui.resources.GraphicElement] (ServerService Thread Pool -- 74) Deploying files for org.jboss.dashboard.ui.resources.Layout Template_75-25
[0m[0m23:17:35,522 INFO  [org.jboss.dashboard.workspace.GraphicElementManagerImpl] (ServerService Thread Pool -- 74) Starting org.jboss.dashboard.workspace.EnvelopesManagerImpl
[0m[0m23:17:35,526 INFO  [org.jboss.dashboard.workspace.GraphicElementManagerImpl] (ServerService Thread Pool -- 74) Deploying to database Envelope /Users/cvanball/Projects/git/dv-fuse-integration-demo/target/dv/jboss-eap-6.3/dataVirtualization/teiid-dashboard/teiid-dashboard-builder.war/./WEB-INF/etc/envelopes/Default_Envelope.zip
[0m[0m23:17:35,556 INFO  [org.jboss.dashboard.ui.resources.GraphicElement] (ServerService Thread Pool -- 74) Deploying files for org.jboss.dashboard.ui.resources.Envelope Default_Envelope
[0m[0m23:17:35,612 INFO  [org.jboss.dashboard.kpi.KPIInitialModule] (ServerService Thread Pool -- 74) Parsing KPI's XML file: WEB-INF/etc/appdata/initialData/showcaseKPIs.xml
[0m[0m23:17:39,969 INFO  [org.jboss.dashboard.kpi.KPIInitialModule] (ServerService Thread Pool -- 74) BAM_00000 - Data provider created. dataprovider_63791223772073037, Expense reports demo.
[0m[0m23:17:39,969 INFO  [org.jboss.dashboard.kpi.KPIInitialModule] (ServerService Thread Pool -- 74) BAM_00000 - Data provider created. dataprovider_29881353499006573, Sales dashboard demo.
[0m[0m23:17:39,969 INFO  [org.jboss.dashboard.kpi.KPIInitialModule] (ServerService Thread Pool -- 74) BAM_00001 - Business indicator created. kpi_64011223773089901, Expense evolution.
[0m[0m23:17:39,970 INFO  [org.jboss.dashboard.kpi.KPIInitialModule] (ServerService Thread Pool -- 74) BAM_00001 - Business indicator created. kpi_30301353506280659, Expected pipeline.
[0m[0m23:17:39,970 INFO  [org.jboss.dashboard.kpi.KPIInitialModule] (ServerService Thread Pool -- 74) BAM_00001 - Business indicator created. kpi_30361353506582145, By status.
[0m[0m23:17:39,970 INFO  [org.jboss.dashboard.kpi.KPIInitialModule] (ServerService Thread Pool -- 74) BAM_00001 - Business indicator created. kpi_30651353683614640, By sales person.
[0m[0m23:17:39,970 INFO  [org.jboss.dashboard.kpi.KPIInitialModule] (ServerService Thread Pool -- 74) BAM_00001 - Business indicator created. kpi_30331353506453066, By sales person.
[0m[0m23:17:39,970 INFO  [org.jboss.dashboard.kpi.KPIInitialModule] (ServerService Thread Pool -- 74) BAM_00001 - Business indicator created. kpi_30831353686700387, By product.
[0m[0m23:17:39,970 INFO  [org.jboss.dashboard.kpi.KPIInitialModule] (ServerService Thread Pool -- 74) BAM_00001 - Business indicator created. kpi_30391353506887646, By product.
[0m[0m23:17:39,970 INFO  [org.jboss.dashboard.kpi.KPIInitialModule] (ServerService Thread Pool -- 74) BAM_00001 - Business indicator created. kpi_30801353685378049, By customer.
[0m[0m23:17:39,971 INFO  [org.jboss.dashboard.kpi.KPIInitialModule] (ServerService Thread Pool -- 74) BAM_00001 - Business indicator created. kpi_30281353675541472, By country.
[0m[0m23:17:39,971 INFO  [org.jboss.dashboard.kpi.KPIInitialModule] (ServerService Thread Pool -- 74) BAM_00001 - Business indicator created. kpi_21591363786594721, Amount by status .
[0m[0m23:17:39,971 INFO  [org.jboss.dashboard.kpi.KPIInitialModule] (ServerService Thread Pool -- 74) BAM_00001 - Business indicator created. kpi_30861353687605533, Amount by probability (%).
[0m[0m23:17:39,971 INFO  [org.jboss.dashboard.kpi.KPIInitialModule] (ServerService Thread Pool -- 74) BAM_00001 - Business indicator created. kpi_30771353684719633, - New indicator -.
[0m[0m23:17:39,971 INFO  [org.jboss.dashboard.kpi.KPIInitialModule] (ServerService Thread Pool -- 74) BAM_00001 - Business indicator created. kpi_64061223773274641, Expense reports table.
[0m[0m23:17:39,971 INFO  [org.jboss.dashboard.kpi.KPIInitialModule] (ServerService Thread Pool -- 74) BAM_00001 - Business indicator created. kpi_63931223772633377, Expenses by department USD.
[0m[0m23:17:39,971 INFO  [org.jboss.dashboard.kpi.KPIInitialModule] (ServerService Thread Pool -- 74) BAM_00001 - Business indicator created. kpi_63901223772516707, Expenses by office USD.
[0m[0m23:17:39,972 INFO  [org.jboss.dashboard.kpi.KPIInitialModule] (ServerService Thread Pool -- 74) BAM_00001 - Business indicator created. kpi_30461354643057084, Expenses by user.
[0m[0m23:17:39,972 INFO  [org.jboss.dashboard.kpi.KPIInitialModule] (ServerService Thread Pool -- 74) BAM_00001 - Business indicator created. kpi_30441353507392054, Opportunities by closing date (USD).
[0m[0m23:17:39,972 INFO  [org.jboss.dashboard.kpi.KPIInitialModule] (ServerService Thread Pool -- 74) BAM_00001 - Business indicator created. kpi_30101353505177974, Opportunities by country.
[0m[0m23:17:39,972 INFO  [org.jboss.dashboard.kpi.KPIInitialModule] (ServerService Thread Pool -- 74) BAM_00001 - Business indicator created. kpi_30041353504912610, Opportunities by employee.
[0m[0m23:17:39,972 INFO  [org.jboss.dashboard.kpi.KPIInitialModule] (ServerService Thread Pool -- 74) BAM_00001 - Business indicator created. kpi_30011353503663716, Opportunities by status.
[0m[0m23:17:39,972 INFO  [org.jboss.dashboard.kpi.KPIInitialModule] (ServerService Thread Pool -- 74) BAM_00001 - Business indicator created. kpi_30251353675275870, Pipeline status.
[0m[0m23:17:39,972 INFO  [org.jboss.dashboard.kpi.KPIInitialModule] (ServerService Thread Pool -- 74) BAM_00001 - Business indicator created. kpi_30621353683547916, Sales evolution.
[0m[0m23:17:39,973 INFO  [org.jboss.dashboard.kpi.KPIInitialModule] (ServerService Thread Pool -- 74) BAM_00001 - Business indicator created. kpi_29761353668431694, Sales report table.
[0m[0m23:17:41,451 INFO  [org.jboss.dashboard.kpi.KPIInitialModule] (ServerService Thread Pool -- 74) Parsing KPI's XML file: WEB-INF/etc/appdata/initialData/kpiLogging.xml
[0m[0m23:17:42,526 INFO  [org.jboss.dashboard.kpi.KPIInitialModule] (ServerService Thread Pool -- 74) BAM_00000 - Data provider created. dataprovider_84341401722402006, AuditLoggingTable.
[0m[0m23:17:42,526 INFO  [org.jboss.dashboard.kpi.KPIInitialModule] (ServerService Thread Pool -- 74) BAM_00000 - Data provider created. dataprovider_10951401722888067, Command Logging.
[0m[0m23:17:42,526 INFO  [org.jboss.dashboard.kpi.KPIInitialModule] (ServerService Thread Pool -- 74) BAM_00001 - Business indicator created. kpi_16821401722967869, Command Log Contents.
[0m[0m23:17:42,526 INFO  [org.jboss.dashboard.kpi.KPIInitialModule] (ServerService Thread Pool -- 74) BAM_00001 - Business indicator created. kpi_16671401722531063, Logging Contents.
[0m[0m23:17:42,759 INFO  [org.jboss.as.server] (Controller Boot Thread) JBAS018559: Deployed "database-service.jar" (runtime-name : "database-service.jar")
[0m[0m23:17:42,760 INFO  [org.jboss.as.server] (Controller Boot Thread) JBAS018559: Deployed "ModeShape.vdb" (runtime-name : "ModeShape.vdb")
[0m[0m23:17:42,760 INFO  [org.jboss.as.server] (Controller Boot Thread) JBAS018559: Deployed "teiid-dashboard-builder.war" (runtime-name : "teiid-dashboard-builder.war")
[0m[0m23:17:42,760 INFO  [org.jboss.as.server] (ServerService Thread Pool -- 28) JBAS018559: Deployed "CustomerContextVDB.vdb" (runtime-name : "CustomerContextVDB.vdb")
[0m[0m23:17:42,760 INFO  [org.jboss.as.server] (ServerService Thread Pool -- 50) JBAS018559: Deployed "modeshape-cmis.war" (runtime-name : "modeshape-cmis.war")
[0m[0m23:17:42,760 INFO  [org.jboss.as.server] (ServerService Thread Pool -- 28) JBAS018559: Deployed "integration-platform-console.war" (runtime-name : "integration-platform-console.war")
[0m[0m23:17:42,760 INFO  [org.jboss.as.server] (ServerService Thread Pool -- 51) JBAS018559: Deployed "teiid-odata-8.7.1.redhat-8.war" (runtime-name : "teiid-odata-8.7.1.redhat-8.war")
[0m[0m23:17:42,761 INFO  [org.jboss.as.server] (ServerService Thread Pool -- 50) JBAS018559: Deployed "modeshape-webdav.war" (runtime-name : "modeshape-webdav.war")
[0m[0m23:17:42,761 INFO  [org.jboss.as.server] (ServerService Thread Pool -- 50) JBAS018559: Deployed "modeshape-rest.war" (runtime-name : "modeshape-rest.war")
[0m[0m23:17:42,767 INFO  [org.jboss.as] (Controller Boot Thread) JBAS015961: Http management interface listening on http://127.0.0.1:9990/management
[0m[0m23:17:42,767 INFO  [org.jboss.as] (Controller Boot Thread) JBAS015951: Admin console listening on http://127.0.0.1:9990
[0m[0m23:17:42,768 INFO  [org.jboss.as] (Controller Boot Thread) JBAS015874: JBoss Red Hat JBoss Data Virtualization 6.1.0 (AS 7.4.3.Final-redhat-2) started in 18015ms - Started 1013 of 1055 services (110 services are lazy, passive or on-demand)
[0m/Users/cvanball/Projects/git/dv-fuse-integration-demo/target/dv/jboss-eap-6.3/bin/standalone.sh: line 281: 27316 Killed: 9               "/Library/Java/JavaVirtualMachines/jdk1.7.0_79.jdk/Contents/Home/bin/java" -D"[Standalone]" -server -XX:+UseCompressedOops -verbose:gc -Xloggc:"/Users/cvanball/Projects/git/dv-fuse-integration-demo/target/dv/jboss-eap-6.3/standalone/log/gc.log" -XX:+PrintGCDetails -XX:+PrintGCDateStamps -XX:+UseGCLogFileRotation -XX:NumberOfGCLogFiles=5 -XX:GCLogFileSize=3M -XX:-TraceClassUnloading -Xms1302m -Xmx1302m -XX:MaxPermSize=256m -Djava.net.preferIPv4Stack=true -Djboss.modules.system.pkgs=org.jboss.byteman -Djava.awt.headless=true -Djboss.modules.policy-permissions=true "-Dorg.jboss.boot.log.file=/Users/cvanball/Projects/git/dv-fuse-integration-demo/target/dv/jboss-eap-6.3/standalone/log/server.log" "-Dlogging.configuration=file:/Users/cvanball/Projects/git/dv-fuse-integration-demo/target/dv/jboss-eap-6.3/standalone/configuration/logging.properties" -jar "/Users/cvanball/Projects/git/dv-fuse-integration-demo/target/dv/jboss-eap-6.3/jboss-modules.jar" -mp "/Users/cvanball/Projects/git/dv-fuse-integration-demo/target/dv/jboss-eap-6.3/modules" -jaxpmodule javax.xml.jaxp-provider org.jboss.as.standalone -Djboss.home.dir="/Users/cvanball/Projects/git/dv-fuse-integration-demo/target/dv/jboss-eap-6.3" -Djboss.server.base.dir="/Users/cvanball/Projects/git/dv-fuse-integration-demo/target/dv/jboss-eap-6.3/standalone"
